TN:
SF:/Users/lagden/webapps/htdocs/lab/js/libs/yo/postcss-inline-base64/index.js
FN:13,find
FN:27,inLine
FNF:2
FNH:2
FNDA:2,find
FNDA:2,inLine
DA:3,1
DA:4,1
DA:5,1
DA:6,1
DA:7,1
DA:8,1
DA:9,1
DA:10,1
DA:11,1
DA:13,1
DA:14,2
DA:15,2
DA:17,1
DA:18,1
DA:20,0
DA:23,1
DA:27,1
DA:28,2
DA:30,2
DA:31,2
DA:32,2
DA:33,0
DA:35,2
DA:36,2
DA:37,2
DA:38,2
DA:39,2
DA:42,2
DA:46,1
DA:47,3
DA:48,3
DA:49,3
DA:50,3
DA:51,3
DA:52,2
DA:53,7
DA:54,7
DA:55,2
DA:56,2
DA:57,2
DA:61,2
DA:63,2
DA:64,2
LF:43
LH:41
BRDA:17,1,0,1
BRDA:17,1,1,0
BRDA:32,2,0,0
BRDA:32,2,1,2
BRDA:38,3,0,2
BRDA:38,3,1,0
BRDA:54,4,0,2
BRDA:54,4,1,5
BRDA:54,5,0,7
BRDA:54,5,1,2
BRDA:54,5,2,2
BRF:11
BRH:8
end_of_record
